<?xml version="1.0" encoding="UTF-8"?>
<coverage generated="1621659400916" clover="3.2.0">
  <project timestamp="1621659400916" name="All files">
    <metrics statements="263" coveredstatements="250" conditionals="24" coveredconditionals="18" methods="51" coveredmethods="48" elements="338" coveredelements="316" complexity="0" loc="263" ncloc="263" packages="7" files="27" classes="27"/>
    <package name="Webapi_api">
      <metrics statements="17" coveredstatements="17" conditionals="0" coveredconditionals="0" methods="0" coveredmethods="0"/>
      <file name="app.js" path="/Users/manmanbbg/Desktop/degree/Webapi/Webapi_api/app.js">
        <metrics statements="17" coveredstatements="17" conditionals="0" coveredconditionals="0" methods="0" coveredmethods="0"/>
        <line num="1" count="5" type="stmt"/>
        <line num="2" count="5" type="stmt"/>
        <line num="3" count="5" type="stmt"/>
        <line num="4" count="5" type="stmt"/>
        <line num="7" count="5" type="stmt"/>
        <line num="8" count="5" type="stmt"/>
        <line num="9" count="5" type="stmt"/>
        <line num="10" count="5" type="stmt"/>
        <line num="13" count="5" type="stmt"/>
        <line num="14" count="5" type="stmt"/>
        <line num="16" count="5" type="stmt"/>
        <line num="17" count="5" type="stmt"/>
        <line num="18" count="5" type="stmt"/>
        <line num="19" count="5" type="stmt"/>
        <line num="20" count="5" type="stmt"/>
        <line num="23" count="5" type="stmt"/>
        <line num="25" count="5" type="stmt"/>
      </file>
    </package>
    <package name="Webapi_api.controllers">
      <metrics statements="75" coveredstatements="64" conditionals="16" coveredconditionals="10" methods="12" coveredmethods="11"/>
      <file name="Controller.js" path="/Users/manmanbbg/Desktop/degree/Webapi/Webapi_api/controllers/Controller.js">
        <metrics statements="28" coveredstatements="28" conditionals="6" coveredconditionals="6" methods="6" coveredmethods="6"/>
        <line num="1" count="10" type="stmt"/>
        <line num="3" count="40" type="stmt"/>
        <line num="7" count="20" type="stmt"/>
        <line num="8" count="20" type="stmt"/>
        <line num="9" count="15" type="stmt"/>
        <line num="11" count="5" type="stmt"/>
        <line num="16" count="30" type="stmt"/>
        <line num="17" count="30" type="stmt"/>
        <line num="18" count="25" type="cond" truecount="2" falsecount="0"/>
        <line num="19" count="10" type="stmt"/>
        <line num="21" count="15" type="stmt"/>
        <line num="24" count="5" type="stmt"/>
        <line num="29" count="29" type="stmt"/>
        <line num="30" count="29" type="stmt"/>
        <line num="31" count="20" type="stmt"/>
        <line num="33" count="9" type="stmt"/>
        <line num="38" count="20" type="stmt"/>
        <line num="39" count="20" type="stmt"/>
        <line num="47" count="15" type="cond" truecount="2" falsecount="0"/>
        <line num="48" count="10" type="stmt"/>
        <line num="50" count="5" type="stmt"/>
        <line num="53" count="5" type="stmt"/>
        <line num="58" count="30" type="stmt"/>
        <line num="59" count="30" type="stmt"/>
        <line num="61" count="25" type="cond" truecount="2" falsecount="0"/>
        <line num="62" count="10" type="stmt"/>
        <line num="64" count="15" type="stmt"/>
        <line num="67" count="5" type="stmt"/>
      </file>
      <file name="CultureController.js" path="/Users/manmanbbg/Desktop/degree/Webapi/Webapi_api/controllers/CultureController.js">
        <metrics statements="6" coveredstatements="6" conditionals="0" coveredconditionals="0" methods="1" coveredmethods="1"/>
        <line num="1" count="6" type="stmt"/>
        <line num="5" count="4" type="stmt"/>
        <line num="6" count="4" type="stmt"/>
        <line num="22" count="3" type="stmt"/>
        <line num="24" count="1" type="stmt"/>
        <line num="29" count="6" type="stmt"/>
      </file>
      <file name="ListeningAidController.js" path="/Users/manmanbbg/Desktop/degree/Webapi/Webapi_api/controllers/ListeningAidController.js">
        <metrics statements="6" coveredstatements="6" conditionals="0" coveredconditionals="0" methods="1" coveredmethods="1"/>
        <line num="1" count="6" type="stmt"/>
        <line num="5" count="4" type="stmt"/>
        <line num="6" count="4" type="stmt"/>
        <line num="24" count="3" type="stmt"/>
        <line num="26" count="1" type="stmt"/>
        <line num="31" count="6" type="stmt"/>
      </file>
      <file name="LocationController.js" path="/Users/manmanbbg/Desktop/degree/Webapi/Webapi_api/controllers/LocationController.js">
        <metrics statements="6" coveredstatements="6" conditionals="0" coveredconditionals="0" methods="1" coveredmethods="1"/>
        <line num="1" count="6" type="stmt"/>
        <line num="5" count="4" type="stmt"/>
        <line num="6" count="4" type="stmt"/>
        <line num="23" count="3" type="stmt"/>
        <line num="25" count="1" type="stmt"/>
        <line num="30" count="6" type="stmt"/>
      </file>
      <file name="SignLanguageController.js" path="/Users/manmanbbg/Desktop/degree/Webapi/Webapi_api/controllers/SignLanguageController.js">
        <metrics statements="6" coveredstatements="6" conditionals="0" coveredconditionals="0" methods="1" coveredmethods="1"/>
        <line num="1" count="6" type="stmt"/>
        <line num="5" count="4" type="stmt"/>
        <line num="6" count="4" type="stmt"/>
        <line num="24" count="3" type="stmt"/>
        <line num="26" count="1" type="stmt"/>
        <line num="31" count="6" type="stmt"/>
      </file>
      <file name="UserController.js" path="/Users/manmanbbg/Desktop/degree/Webapi/Webapi_api/controllers/UserController.js">
        <metrics statements="23" coveredstatements="12" conditionals="10" coveredconditionals="4" methods="2" coveredmethods="1"/>
        <line num="1" count="6" type="stmt"/>
        <line num="3" count="6" type="stmt"/>
        <line num="7" count="12" type="stmt"/>
        <line num="8" count="12" type="stmt"/>
        <line num="10" count="11" type="cond" truecount="2" falsecount="0"/>
        <line num="11" count="2" type="stmt"/>
        <line num="19" count="9" type="cond" truecount="2" falsecount="0"/>
        <line num="20" count="2" type="stmt"/>
        <line num="27" count="7" type="stmt"/>
        <line num="39" count="7" type="stmt"/>
        <line num="45" count="1" type="stmt"/>
        <line num="50" count="0" type="stmt"/>
        <line num="51" count="0" type="stmt"/>
        <line num="53" count="0" type="cond" truecount="0" falsecount="2"/>
        <line num="54" count="0" type="stmt"/>
        <line num="62" count="0" type="cond" truecount="0" falsecount="2"/>
        <line num="63" count="0" type="stmt"/>
        <line num="70" count="0" type="cond" truecount="0" falsecount="2"/>
        <line num="71" count="0" type="stmt"/>
        <line num="78" count="0" type="stmt"/>
        <line num="90" count="0" type="stmt"/>
        <line num="96" count="0" type="stmt"/>
        <line num="101" count="6" type="stmt"/>
      </file>
    </package>
    <package name="Webapi_api.database">
      <metrics statements="6" coveredstatements="6" conditionals="0" coveredconditionals="0" methods="0" coveredmethods="0"/>
      <file name="test.mongodb.connect.js" path="/Users/manmanbbg/Desktop/degree/Webapi/Webapi_api/database/test.mongodb.connect.js">
        <metrics statements="6" coveredstatements="6" conditionals="0" coveredconditionals="0" methods="0" coveredmethods="0"/>
        <line num="1" count="5" type="stmt"/>
        <line num="3" count="5" type="stmt"/>
        <line num="4" count="5" type="stmt"/>
        <line num="5" count="5" type="stmt"/>
        <line num="6" count="5" type="stmt"/>
        <line num="11" count="5" type="stmt"/>
      </file>
    </package>
    <package name="Webapi_api.middlewares">
      <metrics statements="28" coveredstatements="28" conditionals="8" coveredconditionals="8" methods="5" coveredmethods="5"/>
      <file name="authentication.middleware.js" path="/Users/manmanbbg/Desktop/degree/Webapi/Webapi_api/middlewares/authentication.middleware.js">
        <metrics statements="11" coveredstatements="11" conditionals="6" coveredconditionals="6" methods="2" coveredmethods="2"/>
        <line num="1" count="6" type="stmt"/>
        <line num="3" count="6" type="stmt"/>
        <line num="6" count="30" type="cond" truecount="2" falsecount="0"/>
        <line num="10" count="29" type="stmt"/>
        <line num="12" count="1" type="stmt"/>
        <line num="16" count="29" type="stmt"/>
        <line num="17" count="29" type="cond" truecount="2" falsecount="0"/>
        <line num="18" count="1" type="stmt"/>
        <line num="20" count="28" type="stmt"/>
        <line num="21" count="28" type="stmt"/>
        <line num="25" count="6" type="stmt"/>
      </file>
      <file name="error.message.middleware.js" path="/Users/manmanbbg/Desktop/degree/Webapi/Webapi_api/middlewares/error.message.middleware.js">
        <metrics statements="4" coveredstatements="4" conditionals="0" coveredconditionals="0" methods="1" coveredmethods="1"/>
        <line num="1" count="6" type="stmt"/>
        <line num="2" count="4" type="stmt"/>
        <line num="3" count="4" type="stmt"/>
        <line num="6" count="6" type="stmt"/>
      </file>
      <file name="index.js" path="/Users/manmanbbg/Desktop/degree/Webapi/Webapi_api/middlewares/index.js">
        <metrics statements="4" coveredstatements="4" conditionals="0" coveredconditionals="0" methods="0" coveredmethods="0"/>
        <line num="1" count="6" type="stmt"/>
        <line num="2" count="6" type="stmt"/>
        <line num="3" count="6" type="stmt"/>
        <line num="5" count="6" type="stmt"/>
      </file>
      <file name="validator.middleware.js" path="/Users/manmanbbg/Desktop/degree/Webapi/Webapi_api/middlewares/validator.middleware.js">
        <metrics statements="9" coveredstatements="9" conditionals="2" coveredconditionals="2" methods="2" coveredmethods="2"/>
        <line num="1" count="6" type="stmt"/>
        <line num="3" count="6" type="stmt"/>
        <line num="4" count="11" type="stmt"/>
        <line num="5" count="11" type="cond" truecount="2" falsecount="0"/>
        <line num="6" count="9" type="stmt"/>
        <line num="9" count="2" type="stmt"/>
        <line num="10" count="3" type="stmt"/>
        <line num="12" count="2" type="stmt"/>
        <line num="17" count="6" type="stmt"/>
      </file>
    </package>
    <package name="Webapi_api.models">
      <metrics statements="19" coveredstatements="19" conditionals="0" coveredconditionals="0" methods="0" coveredmethods="0"/>
      <file name="culture.model.js" path="/Users/manmanbbg/Desktop/degree/Webapi/Webapi_api/models/culture.model.js">
        <metrics statements="3" coveredstatements="3" conditionals="0" coveredconditionals="0" methods="0" coveredmethods="0"/>
        <line num="1" count="6" type="stmt"/>
        <line num="3" count="6" type="stmt"/>
        <line num="30" count="6" type="stmt"/>
      </file>
      <file name="listeningAid.model.js" path="/Users/manmanbbg/Desktop/degree/Webapi/Webapi_api/models/listeningAid.model.js">
        <metrics statements="5" coveredstatements="5" conditionals="0" coveredconditionals="0" methods="0" coveredmethods="0"/>
        <line num="1" count="6" type="stmt"/>
        <line num="2" count="6" type="stmt"/>
        <line num="4" count="6" type="stmt"/>
        <line num="41" count="6" type="stmt"/>
        <line num="43" count="6" type="stmt"/>
      </file>
      <file name="location.model.js" path="/Users/manmanbbg/Desktop/degree/Webapi/Webapi_api/models/location.model.js">
        <metrics statements="3" coveredstatements="3" conditionals="0" coveredconditionals="0" methods="0" coveredmethods="0"/>
        <line num="1" count="6" type="stmt"/>
        <line num="3" count="6" type="stmt"/>
        <line num="35" count="6" type="stmt"/>
      </file>
      <file name="signLanguage.model.js" path="/Users/manmanbbg/Desktop/degree/Webapi/Webapi_api/models/signLanguage.model.js">
        <metrics statements="5" coveredstatements="5" conditionals="0" coveredconditionals="0" methods="0" coveredmethods="0"/>
        <line num="1" count="6" type="stmt"/>
        <line num="2" count="6" type="stmt"/>
        <line num="4" count="6" type="stmt"/>
        <line num="41" count="6" type="stmt"/>
        <line num="43" count="6" type="stmt"/>
      </file>
      <file name="user.model.js" path="/Users/manmanbbg/Desktop/degree/Webapi/Webapi_api/models/user.model.js">
        <metrics statements="3" coveredstatements="3" conditionals="0" coveredconditionals="0" methods="0" coveredmethods="0"/>
        <line num="1" count="6" type="stmt"/>
        <line num="3" count="6" type="stmt"/>
        <line num="31" count="6" type="stmt"/>
      </file>
    </package>
    <package name="Webapi_api.routes">
      <metrics statements="109" coveredstatements="107" conditionals="0" coveredconditionals="0" methods="32" coveredmethods="30"/>
      <file name="auth.routes.js" path="/Users/manmanbbg/Desktop/degree/Webapi/Webapi_api/routes/auth.routes.js">
        <metrics statements="11" coveredstatements="10" conditionals="0" coveredconditionals="0" methods="2" coveredmethods="1"/>
        <line num="1" count="5" type="stmt"/>
        <line num="2" count="5" type="stmt"/>
        <line num="3" count="5" type="stmt"/>
        <line num="4" count="5" type="stmt"/>
        <line num="5" count="5" type="stmt"/>
        <line num="7" count="5" type="stmt"/>
        <line num="9" count="5" type="stmt"/>
        <line num="10" count="0" type="stmt"/>
        <line num="13" count="5" type="stmt"/>
        <line num="14" count="8" type="stmt"/>
        <line num="17" count="5" type="stmt"/>
      </file>
      <file name="culture.routes.js" path="/Users/manmanbbg/Desktop/degree/Webapi/Webapi_api/routes/culture.routes.js">
        <metrics statements="18" coveredstatements="18" conditionals="0" coveredconditionals="0" methods="6" coveredmethods="6"/>
        <line num="1" count="5" type="stmt"/>
        <line num="2" count="5" type="stmt"/>
        <line num="3" count="5" type="stmt"/>
        <line num="4" count="5" type="stmt"/>
        <line num="6" count="5" type="stmt"/>
        <line num="8" count="5" type="stmt"/>
        <line num="9" count="1" type="stmt"/>
        <line num="11" count="5" type="stmt"/>
        <line num="12" count="1" type="stmt"/>
        <line num="14" count="5" type="stmt"/>
        <line num="15" count="2" type="stmt"/>
        <line num="17" count="5" type="stmt"/>
        <line num="18" count="2" type="stmt"/>
        <line num="20" count="5" type="stmt"/>
        <line num="21" count="1" type="stmt"/>
        <line num="23" count="5" type="stmt"/>
        <line num="24" count="2" type="stmt"/>
        <line num="27" count="5" type="stmt"/>
      </file>
      <file name="listeningAid.routes.js" path="/Users/manmanbbg/Desktop/degree/Webapi/Webapi_api/routes/listeningAid.routes.js">
        <metrics statements="18" coveredstatements="18" conditionals="0" coveredconditionals="0" methods="6" coveredmethods="6"/>
        <line num="1" count="5" type="stmt"/>
        <line num="2" count="5" type="stmt"/>
        <line num="3" count="5" type="stmt"/>
        <line num="4" count="5" type="stmt"/>
        <line num="6" count="5" type="stmt"/>
        <line num="8" count="5" type="stmt"/>
        <line num="9" count="1" type="stmt"/>
        <line num="11" count="5" type="stmt"/>
        <line num="12" count="1" type="stmt"/>
        <line num="14" count="5" type="stmt"/>
        <line num="15" count="2" type="stmt"/>
        <line num="17" count="5" type="stmt"/>
        <line num="18" count="2" type="stmt"/>
        <line num="20" count="5" type="stmt"/>
        <line num="21" count="1" type="stmt"/>
        <line num="23" count="5" type="stmt"/>
        <line num="24" count="2" type="stmt"/>
        <line num="27" count="5" type="stmt"/>
      </file>
      <file name="location.routes.js" path="/Users/manmanbbg/Desktop/degree/Webapi/Webapi_api/routes/location.routes.js">
        <metrics statements="18" coveredstatements="18" conditionals="0" coveredconditionals="0" methods="6" coveredmethods="6"/>
        <line num="1" count="5" type="stmt"/>
        <line num="2" count="5" type="stmt"/>
        <line num="3" count="5" type="stmt"/>
        <line num="4" count="5" type="stmt"/>
        <line num="6" count="5" type="stmt"/>
        <line num="8" count="5" type="stmt"/>
        <line num="9" count="1" type="stmt"/>
        <line num="11" count="5" type="stmt"/>
        <line num="12" count="1" type="stmt"/>
        <line num="14" count="5" type="stmt"/>
        <line num="15" count="2" type="stmt"/>
        <line num="17" count="5" type="stmt"/>
        <line num="18" count="2" type="stmt"/>
        <line num="20" count="5" type="stmt"/>
        <line num="21" count="1" type="stmt"/>
        <line num="23" count="5" type="stmt"/>
        <line num="24" count="2" type="stmt"/>
        <line num="27" count="5" type="stmt"/>
      </file>
      <file name="register.routes.js" path="/Users/manmanbbg/Desktop/degree/Webapi/Webapi_api/routes/register.routes.js">
        <metrics statements="9" coveredstatements="8" conditionals="0" coveredconditionals="0" methods="1" coveredmethods="0"/>
        <line num="1" count="5" type="stmt"/>
        <line num="2" count="5" type="stmt"/>
        <line num="3" count="5" type="stmt"/>
        <line num="4" count="5" type="stmt"/>
        <line num="5" count="5" type="stmt"/>
        <line num="7" count="5" type="stmt"/>
        <line num="9" count="5" type="stmt"/>
        <line num="10" count="0" type="stmt"/>
        <line num="13" count="5" type="stmt"/>
      </file>
      <file name="signLanguage.routes.js" path="/Users/manmanbbg/Desktop/degree/Webapi/Webapi_api/routes/signLanguage.routes.js">
        <metrics statements="18" coveredstatements="18" conditionals="0" coveredconditionals="0" methods="6" coveredmethods="6"/>
        <line num="1" count="5" type="stmt"/>
        <line num="2" count="5" type="stmt"/>
        <line num="3" count="5" type="stmt"/>
        <line num="4" count="5" type="stmt"/>
        <line num="6" count="5" type="stmt"/>
        <line num="8" count="5" type="stmt"/>
        <line num="9" count="1" type="stmt"/>
        <line num="11" count="5" type="stmt"/>
        <line num="12" count="1" type="stmt"/>
        <line num="14" count="5" type="stmt"/>
        <line num="15" count="2" type="stmt"/>
        <line num="17" count="5" type="stmt"/>
        <line num="18" count="2" type="stmt"/>
        <line num="20" count="5" type="stmt"/>
        <line num="21" count="1" type="stmt"/>
        <line num="23" count="5" type="stmt"/>
        <line num="24" count="2" type="stmt"/>
        <line num="27" count="5" type="stmt"/>
      </file>
      <file name="user.routes.js" path="/Users/manmanbbg/Desktop/degree/Webapi/Webapi_api/routes/user.routes.js">
        <metrics statements="17" coveredstatements="17" conditionals="0" coveredconditionals="0" methods="5" coveredmethods="5"/>
        <line num="1" count="5" type="stmt"/>
        <line num="2" count="5" type="stmt"/>
        <line num="3" count="5" type="stmt"/>
        <line num="4" count="5" type="stmt"/>
        <line num="5" count="5" type="stmt"/>
        <line num="7" count="5" type="stmt"/>
        <line num="9" count="5" type="stmt"/>
        <line num="10" count="1" type="stmt"/>
        <line num="12" count="5" type="stmt"/>
        <line num="13" count="2" type="stmt"/>
        <line num="15" count="5" type="stmt"/>
        <line num="21" count="1" type="stmt"/>
        <line num="24" count="5" type="stmt"/>
        <line num="25" count="1" type="stmt"/>
        <line num="27" count="5" type="stmt"/>
        <line num="28" count="2" type="stmt"/>
        <line num="31" count="5" type="stmt"/>
      </file>
    </package>
    <package name="Webapi_api.validation">
      <metrics statements="9" coveredstatements="9" conditionals="0" coveredconditionals="0" methods="2" coveredmethods="2"/>
      <file name="auth.validation.rules.js" path="/Users/manmanbbg/Desktop/degree/Webapi/Webapi_api/validation/auth.validation.rules.js">
        <metrics statements="3" coveredstatements="3" conditionals="0" coveredconditionals="0" methods="1" coveredmethods="1"/>
        <line num="1" count="5" type="stmt"/>
        <line num="3" count="10" type="stmt"/>
        <line num="8" count="5" type="stmt"/>
      </file>
      <file name="index.js" path="/Users/manmanbbg/Desktop/degree/Webapi/Webapi_api/validation/index.js">
        <metrics statements="3" coveredstatements="3" conditionals="0" coveredconditionals="0" methods="0" coveredmethods="0"/>
        <line num="1" count="5" type="stmt"/>
        <line num="2" count="5" type="stmt"/>
        <line num="4" count="5" type="stmt"/>
      </file>
      <file name="user.validation.rules.js" path="/Users/manmanbbg/Desktop/degree/Webapi/Webapi_api/validation/user.validation.rules.js">
        <metrics statements="3" coveredstatements="3" conditionals="0" coveredconditionals="0" methods="1" coveredmethods="1"/>
        <line num="1" count="5" type="stmt"/>
        <line num="3" count="10" type="stmt"/>
        <line num="14" count="5" type="stmt"/>
      </file>
    </package>
  </project>
</coverage>
