TN:
SF:app.js
FNF:0
FNH:0
DA:1,5
DA:2,5
DA:3,5
DA:4,5
DA:7,5
DA:8,5
DA:9,5
DA:10,5
DA:13,5
DA:14,5
DA:16,5
DA:17,5
DA:18,5
DA:19,5
DA:20,5
DA:23,5
DA:25,5
LF:17
LH:17
BRF:0
BRH:0
end_of_record
TN:
SF:controllers/Controller.js
FN:2,(anonymous_0)
FN:6,(anonymous_1)
FN:15,(anonymous_2)
FN:28,(anonymous_3)
FN:37,(anonymous_4)
FN:57,(anonymous_5)
FNF:6
FNH:6
FNDA:40,(anonymous_0)
FNDA:20,(anonymous_1)
FNDA:30,(anonymous_2)
FNDA:29,(anonymous_3)
FNDA:20,(anonymous_4)
FNDA:30,(anonymous_5)
DA:1,10
DA:3,40
DA:7,20
DA:8,20
DA:9,15
DA:11,5
DA:16,30
DA:17,30
DA:18,25
DA:19,10
DA:21,15
DA:24,5
DA:29,29
DA:30,29
DA:31,20
DA:33,9
DA:38,20
DA:39,20
DA:47,15
DA:48,10
DA:50,5
DA:53,5
DA:58,30
DA:59,30
DA:61,25
DA:62,10
DA:64,15
DA:67,5
LF:28
LH:28
BRDA:18,0,0,10
BRDA:18,0,1,15
BRDA:47,1,0,10
BRDA:47,1,1,5
BRDA:61,2,0,10
BRDA:61,2,1,15
BRF:6
BRH:6
end_of_record
TN:
SF:controllers/CultureController.js
FN:4,(anonymous_0)
FNF:1
FNH:1
FNDA:4,(anonymous_0)
DA:1,6
DA:5,4
DA:6,4
DA:22,3
DA:24,1
DA:29,6
LF:6
LH:6
BRF:0
BRH:0
end_of_record
TN:
SF:controllers/ListeningAidController.js
FN:4,(anonymous_0)
FNF:1
FNH:1
FNDA:4,(anonymous_0)
DA:1,6
DA:5,4
DA:6,4
DA:24,3
DA:26,1
DA:31,6
LF:6
LH:6
BRF:0
BRH:0
end_of_record
TN:
SF:controllers/LocationController.js
FN:4,(anonymous_0)
FNF:1
FNH:1
FNDA:4,(anonymous_0)
DA:1,6
DA:5,4
DA:6,4
DA:23,3
DA:25,1
DA:30,6
LF:6
LH:6
BRF:0
BRH:0
end_of_record
TN:
SF:controllers/SignLanguageController.js
FN:4,(anonymous_0)
FNF:1
FNH:1
FNDA:4,(anonymous_0)
DA:1,6
DA:5,4
DA:6,4
DA:24,3
DA:26,1
DA:31,6
LF:6
LH:6
BRF:0
BRH:0
end_of_record
TN:
SF:controllers/UserController.js
FN:6,(anonymous_0)
FN:49,(anonymous_1)
FNF:2
FNH:1
FNDA:12,(anonymous_0)
FNDA:0,(anonymous_1)
DA:1,6
DA:3,6
DA:7,12
DA:8,12
DA:10,11
DA:11,2
DA:19,9
DA:20,2
DA:27,7
DA:39,7
DA:45,1
DA:50,0
DA:51,0
DA:53,0
DA:54,0
DA:62,0
DA:63,0
DA:70,0
DA:71,0
DA:78,0
DA:90,0
DA:96,0
DA:101,6
LF:23
LH:12
BRDA:10,0,0,2
BRDA:10,0,1,9
BRDA:19,1,0,2
BRDA:19,1,1,7
BRDA:53,2,0,0
BRDA:53,2,1,0
BRDA:62,3,0,0
BRDA:62,3,1,0
BRDA:70,4,0,0
BRDA:70,4,1,0
BRF:10
BRH:4
end_of_record
TN:
SF:database/test.mongodb.connect.js
FNF:0
FNH:0
DA:1,5
DA:3,5
DA:4,5
DA:5,5
DA:6,5
DA:11,5
LF:6
LH:6
BRF:0
BRH:0
end_of_record
TN:
SF:middlewares/authentication.middleware.js
FN:3,(anonymous_0)
FN:16,(anonymous_1)
FNF:2
FNH:2
FNDA:30,(anonymous_0)
FNDA:29,(anonymous_1)
DA:1,6
DA:3,6
DA:6,30
DA:10,29
DA:12,1
DA:16,29
DA:17,29
DA:18,1
DA:20,28
DA:21,28
DA:25,6
LF:11
LH:11
BRDA:6,0,0,29
BRDA:6,0,1,1
BRDA:7,1,0,30
BRDA:7,1,1,29
BRDA:17,2,0,1
BRDA:17,2,1,28
BRF:6
BRH:6
end_of_record
TN:
SF:middlewares/error.message.middleware.js
FN:1,(anonymous_0)
FNF:1
FNH:1
FNDA:4,(anonymous_0)
DA:1,6
DA:2,4
DA:3,4
DA:6,6
LF:4
LH:4
BRF:0
BRH:0
end_of_record
TN:
SF:middlewares/index.js
FNF:0
FNH:0
DA:1,6
DA:2,6
DA:3,6
DA:5,6
LF:4
LH:4
BRF:0
BRH:0
end_of_record
TN:
SF:middlewares/validator.middleware.js
FN:3,(anonymous_0)
FN:10,(anonymous_1)
FNF:2
FNH:2
FNDA:11,(anonymous_0)
FNDA:3,(anonymous_1)
DA:1,6
DA:3,6
DA:4,11
DA:5,11
DA:6,9
DA:9,2
DA:10,3
DA:12,2
DA:17,6
LF:9
LH:9
BRDA:5,0,0,9
BRDA:5,0,1,2
BRF:2
BRH:2
end_of_record
TN:
SF:models/culture.model.js
FNF:0
FNH:0
DA:1,6
DA:3,6
DA:30,6
LF:3
LH:3
BRF:0
BRH:0
end_of_record
TN:
SF:models/listeningAid.model.js
FNF:0
FNH:0
DA:1,6
DA:2,6
DA:4,6
DA:41,6
DA:43,6
LF:5
LH:5
BRF:0
BRH:0
end_of_record
TN:
SF:models/location.model.js
FNF:0
FNH:0
DA:1,6
DA:3,6
DA:35,6
LF:3
LH:3
BRF:0
BRH:0
end_of_record
TN:
SF:models/signLanguage.model.js
FNF:0
FNH:0
DA:1,6
DA:2,6
DA:4,6
DA:41,6
DA:43,6
LF:5
LH:5
BRF:0
BRH:0
end_of_record
TN:
SF:models/user.model.js
FNF:0
FNH:0
DA:1,6
DA:3,6
DA:31,6
LF:3
LH:3
BRF:0
BRH:0
end_of_record
TN:
SF:routes/auth.routes.js
FN:9,(anonymous_0)
FN:13,(anonymous_1)
FNF:2
FNH:1
FNDA:0,(anonymous_0)
FNDA:8,(anonymous_1)
DA:1,5
DA:2,5
DA:3,5
DA:4,5
DA:5,5
DA:7,5
DA:9,5
DA:10,0
DA:13,5
DA:14,8
DA:17,5
LF:11
LH:10
BRF:0
BRH:0
end_of_record
TN:
SF:routes/culture.routes.js
FN:8,(anonymous_0)
FN:11,(anonymous_1)
FN:14,(anonymous_2)
FN:17,(anonymous_3)
FN:20,(anonymous_4)
FN:23,(anonymous_5)
FNF:6
FNH:6
FNDA:1,(anonymous_0)
FNDA:1,(anonymous_1)
FNDA:2,(anonymous_2)
FNDA:2,(anonymous_3)
FNDA:1,(anonymous_4)
FNDA:2,(anonymous_5)
DA:1,5
DA:2,5
DA:3,5
DA:4,5
DA:6,5
DA:8,5
DA:9,1
DA:11,5
DA:12,1
DA:14,5
DA:15,2
DA:17,5
DA:18,2
DA:20,5
DA:21,1
DA:23,5
DA:24,2
DA:27,5
LF:18
LH:18
BRF:0
BRH:0
end_of_record
TN:
SF:routes/listeningAid.routes.js
FN:8,(anonymous_0)
FN:11,(anonymous_1)
FN:14,(anonymous_2)
FN:17,(anonymous_3)
FN:20,(anonymous_4)
FN:23,(anonymous_5)
FNF:6
FNH:6
FNDA:1,(anonymous_0)
FNDA:1,(anonymous_1)
FNDA:2,(anonymous_2)
FNDA:2,(anonymous_3)
FNDA:1,(anonymous_4)
FNDA:2,(anonymous_5)
DA:1,5
DA:2,5
DA:3,5
DA:4,5
DA:6,5
DA:8,5
DA:9,1
DA:11,5
DA:12,1
DA:14,5
DA:15,2
DA:17,5
DA:18,2
DA:20,5
DA:21,1
DA:23,5
DA:24,2
DA:27,5
LF:18
LH:18
BRF:0
BRH:0
end_of_record
TN:
SF:routes/location.routes.js
FN:8,(anonymous_0)
FN:11,(anonymous_1)
FN:14,(anonymous_2)
FN:17,(anonymous_3)
FN:20,(anonymous_4)
FN:23,(anonymous_5)
FNF:6
FNH:6
FNDA:1,(anonymous_0)
FNDA:1,(anonymous_1)
FNDA:2,(anonymous_2)
FNDA:2,(anonymous_3)
FNDA:1,(anonymous_4)
FNDA:2,(anonymous_5)
DA:1,5
DA:2,5
DA:3,5
DA:4,5
DA:6,5
DA:8,5
DA:9,1
DA:11,5
DA:12,1
DA:14,5
DA:15,2
DA:17,5
DA:18,2
DA:20,5
DA:21,1
DA:23,5
DA:24,2
DA:27,5
LF:18
LH:18
BRF:0
BRH:0
end_of_record
TN:
SF:routes/register.routes.js
FN:9,(anonymous_0)
FNF:1
FNH:0
FNDA:0,(anonymous_0)
DA:1,5
DA:2,5
DA:3,5
DA:4,5
DA:5,5
DA:7,5
DA:9,5
DA:10,0
DA:13,5
LF:9
LH:8
BRF:0
BRH:0
end_of_record
TN:
SF:routes/signLanguage.routes.js
FN:8,(anonymous_0)
FN:11,(anonymous_1)
FN:14,(anonymous_2)
FN:17,(anonymous_3)
FN:20,(anonymous_4)
FN:23,(anonymous_5)
FNF:6
FNH:6
FNDA:1,(anonymous_0)
FNDA:1,(anonymous_1)
FNDA:2,(anonymous_2)
FNDA:2,(anonymous_3)
FNDA:1,(anonymous_4)
FNDA:2,(anonymous_5)
DA:1,5
DA:2,5
DA:3,5
DA:4,5
DA:6,5
DA:8,5
DA:9,1
DA:11,5
DA:12,1
DA:14,5
DA:15,2
DA:17,5
DA:18,2
DA:20,5
DA:21,1
DA:23,5
DA:24,2
DA:27,5
LF:18
LH:18
BRF:0
BRH:0
end_of_record
TN:
SF:routes/user.routes.js
FN:9,(anonymous_0)
FN:12,(anonymous_1)
FN:20,(anonymous_2)
FN:24,(anonymous_3)
FN:27,(anonymous_4)
FNF:5
FNH:5
FNDA:1,(anonymous_0)
FNDA:2,(anonymous_1)
FNDA:1,(anonymous_2)
FNDA:1,(anonymous_3)
FNDA:2,(anonymous_4)
DA:1,5
DA:2,5
DA:3,5
DA:4,5
DA:5,5
DA:7,5
DA:9,5
DA:10,1
DA:12,5
DA:13,2
DA:15,5
DA:21,1
DA:24,5
DA:25,1
DA:27,5
DA:28,2
DA:31,5
LF:17
LH:17
BRF:0
BRH:0
end_of_record
TN:
SF:validation/auth.validation.rules.js
FN:3,(anonymous_0)
FNF:1
FNH:1
FNDA:10,(anonymous_0)
DA:1,5
DA:3,10
DA:8,5
LF:3
LH:3
BRF:0
BRH:0
end_of_record
TN:
SF:validation/index.js
FNF:0
FNH:0
DA:1,5
DA:2,5
DA:4,5
LF:3
LH:3
BRF:0
BRH:0
end_of_record
TN:
SF:validation/user.validation.rules.js
FN:3,(anonymous_0)
FNF:1
FNH:1
FNDA:10,(anonymous_0)
DA:1,5
DA:3,10
DA:14,5
LF:3
LH:3
BRF:0
BRH:0
end_of_record
